bin/proguard/mapping.txt
android.support.v4.view.PagerTabStrip$1 -> android.support.v4.view.y:
    android.support.v4.view.PagerTabStrip this$0 -> a
    void onClick(android.view.View) -> onClick
android.support.v4.view.PagerTabStrip$2 -> android.support.v4.view.z:
    android.support.v4.view.PagerTabStrip this$0 -> a
    void onClick(android.view.View) -> onClick
android.support.v4.view.PagerTitleStrip -> android.support.v4.view.PagerTitleStrip:
    android.support.v4.view.ViewPager mPager -> a
    android.widget.TextView mPrevText -> b
    android.widget.TextView mCurrText -> c
    android.widget.TextView mNextText -> d
    int mLastKnownCurrentPage -> f
    float mLastKnownPositionOffset -> g
    int mScaledTextSpacing -> h
    int mGravity -> i
    boolean mUpdatingText -> j
    boolean mUpdatingPositions -> k
    android.support.v4.view.PagerTitleStrip$PageListener mPageListener -> l
    java.lang.ref.WeakReference mWatchingAdapter -> m
    int[] ATTRS -> n
    int[] TEXT_ATTRS -> o
    int mNonPrimaryAlpha -> p
    int mTextColor -> e
    android.support.v4.view.PagerTitleStrip$PagerTitleStripImpl IMPL -> q
    void setSingleLineAllCaps(android.widget.TextView) -> a
    void setTextSpacing(int) -> a
    int getTextSpacing() -> b
    void setNonPrimaryAlpha(float) -> a
    void setTextSize(int,float) -> a
    void onAttachedToWindow() -> onAttachedToWindow
    void onDetachedFromWindow() -> onDetachedFromWindow
    void updateText(int,android.support.v4.view.PagerAdapter) -> a
    void requestLayout() -> requestLayout
    void updateAdapter(android.support.v4.view.PagerAdapter,android.support.v4.view.PagerAdapter) -> a
    void updateTextPositions(int,float,boolean) -> a
    void onMeasure(int,int) -> onMeasure
    void onLayout(boolean,int,int,int,int) -> onLayout
    int getMinHeight() -> a
android.support.v4.view.PagerTitleStrip$1 -> android.support.v4.view.aa:
android.support.v4.view.PagerTitleStrip$PageListener -> android.support.v4.view.ab:
    int mScrollState -> b
    android.support.v4.view.PagerTitleStrip this$0 -> a
    void onPageScrolled(int,float,int) -> a
    void onPageSelected(int) -> a
    void onPageScrollStateChanged(int) -> b
    void onChanged() -> onChanged
android.support.v4.view.PagerTitleStrip$PagerTitleStripImpl -> android.support.v4.view.ac:
    void setSingleLineAllCaps(android.widget.TextView) -> a
android.support.v4.view.PagerTitleStrip$PagerTitleStripImplBase -> android.support.v4.view.ad:
    void setSingleLineAllCaps(android.widget.TextView) -> a
android.support.v4.view.PagerTitleStrip$PagerTitleStripImplIcs -> android.support.v4.view.ae:
    void setSingleLineAllCaps(android.widget.TextView) -> a
android.support.v4.view.PagerTitleStripIcs -> android.support.v4.view.af:
    void setSingleLineAllCaps(android.widget.TextView) -> a
android.support.v4.view.PagerTitleStripIcs$SingleLineAllCapsTransform -> android.support.v4.view.ag:
    java.util.Locale mLocale -> a
    java.lang.CharSequence getTransformation(java.lang.CharSequence,android.view.View) -> getTransformation
android.support.v4.view.VelocityTrackerCompat -> android.support.v4.view.ah:
    android.support.v4.view.VelocityTrackerCompat$VelocityTrackerVersionImpl IMPL -> a
    float getXVelocity(android.view.VelocityTracker,int) -> a
android.support.v4.view.VelocityTrackerCompat$BaseVelocityTrackerVersionImpl -> android.support.v4.view.ai:
    float getXVelocity(android.view.VelocityTracker,int) -> a
android.support.v4.view.VelocityTrackerCompat$HoneycombVelocityTrackerVersionImpl -> android.support.v4.view.aj:
    float getXVelocity(android.view.VelocityTracker,int) -> a
android.support.v4.view.VelocityTrackerCompat$VelocityTrackerVersionImpl -> android.support.v4.view.ak:
    float getXVelocity(android.view.VelocityTracker,int) -> a
android.support.v4.view.VelocityTrackerCompatHoneycomb -> android.support.v4.view.al:
    float getXVelocity(android.view.VelocityTracker,int) -> a